<?xml version="1.0" encoding="UTF-8"?>
<!-- Generated by org.testng.reporters.JUnitXMLReporter -->
<testsuite ignored="6" hostname="PURANSH" failures="0" tests="4" name="Test" time="33.167" errors="0" timestamp="2025-08-04T07:52:02 CEST">
  <testcase classname="electronics.TC_DWS_021_Test" name="clickOnElectronics" time="0.908"/>
  <testcase classname="giftcard.TC_DWS_031_Test" name="clickOnJewelry" time="2.481"/>
  <testcase classname="computers.TC_DWS_011_Test" name="clickOnComputers" time="2.068"/>
  <testcase classname="books.TC_DWS_001_Test" name="clickOnBooks" time="1.241"/>
  <testcase classname="genericUtility.BaseClassUtility" name="@BeforeSuite reportConfiguration" time="0.0">
    <ignored/>
  </testcase> <!-- @BeforeSuite reportConfiguration -->
  <testcase classname="genericUtility.BaseClassUtility" name="@BeforeSuite reportConfiguration" time="0.0">
    <ignored/>
  </testcase> <!-- @BeforeSuite reportConfiguration -->
  <testcase classname="genericUtility.BaseClassUtility" name="@AfterSuite reportBackup" time="0.0">
    <ignored/>
  </testcase> <!-- @AfterSuite reportBackup -->
  <testcase classname="genericUtility.BaseClassUtility" name="@BeforeSuite reportConfiguration" time="0.0">
    <ignored/>
  </testcase> <!-- @BeforeSuite reportConfiguration -->
  <testcase classname="genericUtility.BaseClassUtility" name="@AfterSuite reportBackup" time="0.0">
    <ignored/>
  </testcase> <!-- @AfterSuite reportBackup -->
  <testcase classname="genericUtility.BaseClassUtility" name="@AfterSuite reportBackup" time="0.0">
    <ignored/>
  </testcase> <!-- @AfterSuite reportBackup -->
</testsuite> <!-- Test -->
