<?xml version="1.0" encoding="UTF-8"?>
<testng-results ignored="0" total="1" passed="1" failed="0" skipped="0">
  <reporter-output>
  </reporter-output>
  <suite started-at="2025-08-04T08:34:07 CEST" name="Default suite" finished-at="2025-08-04T08:34:23 CEST" duration-ms="15889">
    <groups>
    </groups>
    <test started-at="2025-08-04T08:34:07 CEST" name="Default test" finished-at="2025-08-04T08:34:23 CEST" duration-ms="15889">
      <class name="giftcard.TC_DWS_032_Test">
        <test-method is-config="true" signature="reportConfiguration()[pri:0, instance:giftcard.TC_DWS_032_Test@229f66ed]" started-at="2025-08-04T08:34:06 CEST" name="reportConfiguration" finished-at="2025-08-04T08:34:07 CEST" duration-ms="336" status="PASS">
          <reporter-output>
          </reporter-output>
        </test-method> <!-- reportConfiguration -->
        <test-method is-config="true" signature="openBrowser()[pri:0, instance:giftcard.TC_DWS_032_Test@229f66ed]" started-at="2025-08-04T08:34:07 CEST" name="openBrowser" finished-at="2025-08-04T08:34:12 CEST" duration-ms="5525" status="PASS">
          <reporter-output>
          </reporter-output>
        </test-method> <!-- openBrowser -->
        <test-method is-config="true" signature="login()[pri:0, instance:giftcard.TC_DWS_032_Test@229f66ed]" started-at="2025-08-04T08:34:12 CEST" name="login" finished-at="2025-08-04T08:34:19 CEST" duration-ms="6812" status="PASS">
          <reporter-output>
          </reporter-output>
        </test-method> <!-- login -->
        <test-method signature="clickOnGiftcard()[pri:0, instance:giftcard.TC_DWS_032_Test@229f66ed]" started-at="2025-08-04T08:34:19 CEST" name="clickOnGiftcard" finished-at="2025-08-04T08:34:23 CEST" duration-ms="3494" status="PASS">
          <reporter-output>
          </reporter-output>
        </test-method> <!-- clickOnGiftcard -->
        <test-method is-config="true" signature="logout()[pri:0, instance:giftcard.TC_DWS_032_Test@229f66ed]" started-at="2025-08-04T08:34:23 CEST" name="logout" finished-at="2025-08-04T08:34:23 CEST" duration-ms="0" status="PASS">
          <reporter-output>
          </reporter-output>
        </test-method> <!-- logout -->
        <test-method is-config="true" signature="closeBrowser()[pri:0, instance:giftcard.TC_DWS_032_Test@229f66ed]" started-at="2025-08-04T08:34:23 CEST" name="closeBrowser" finished-at="2025-08-04T08:34:23 CEST" duration-ms="5" status="PASS">
          <reporter-output>
          </reporter-output>
        </test-method> <!-- closeBrowser -->
        <test-method is-config="true" signature="reportBackup()[pri:0, instance:giftcard.TC_DWS_032_Test@229f66ed]" started-at="2025-08-04T08:34:23 CEST" name="reportBackup" finished-at="2025-08-04T08:34:23 CEST" duration-ms="2" status="PASS">
          <reporter-output>
          </reporter-output>
        </test-method> <!-- reportBackup -->
      </class> <!-- giftcard.TC_DWS_032_Test -->
    </test> <!-- Default test -->
  </suite> <!-- Default suite -->
</testng-results>
